<?xml version="1.0" encoding="UTF-8"?>
<!-- Generated by org.testng.reporters.JUnitXMLReporter -->
<testsuite hostname="DESKTOP-LRPLFUC" ignored="0" name="chrometest" tests="2" failures="0" timestamp="25 Feb 2020 04:40:26 GMT" time="81.553" errors="0">
  <testcase name="screensTest" time="40.925" classname="web.sqe_demo.parabank.webtestclasses.TC_Parabank"/>
  <testcase name="screensTest" time="40.588" classname="web.sqe_demo.parabank.webtestclasses.TC_verifyaccount_fundtransfer"/>
</testsuite> <!-- chrometest -->
